<?xml version="1.0" encoding="UTF-8"?>
<testsuite name="com.itdeep.micorservices.socialmathematics.multiplication.controller.MultiplicationControllerTest" time="0.016" tests="1" errors="1" skipped="0" failures="0">
  <properties>
[...]
</properties>
  <testcase name="initializationError" classname="com.itdeep.micorservices.socialmathematics.multiplication.controller.MultiplicationControllerTest" time="0.016">
    <error message="Unable to find a @SpringBootConfiguration, you need to use @ContextConfiguration or @SpringBootTest(classes=...) with your test" type="java.lang.IllegalStateException"><![CDATA[java.lang.IllegalStateException: Unable to find a @SpringBootConfiguration, you need to use @ContextConfiguration or @SpringBootTest(classes=...) with your test
	at org.springframework.util.Assert.state(Assert.java:70)
	at org.springframework.boot.test.context.SpringBootTestContextBootstrapper.getOrFindConfigurationClasses(SpringBootTestContextBootstrapper.java:202)
	at org.springframework.boot.test.context.SpringBootTestContextBootstrapper.processMergedContextConfiguration(SpringBootTestContextBootstrapper.java:137)
	at org.springframework.boot.test.autoconfigure.web.servlet.WebMvcTestContextBootstrapper.processMergedContextConfiguration(WebMvcTestContextBootstrapper.java:35)
	at org.springframework.test.context.support.AbstractTestContextBootstrapper.buildMergedContextConfiguration(AbstractTestContextBootstrapper.java:409)
	at org.springframework.test.context.support.AbstractTestContextBootstrapper.buildDefaultMergedContextConfiguration(AbstractTestContextBootstrapper.java:323)
	at org.springframework.test.context.support.AbstractTestContextBootstrapper.buildMergedContextConfiguration(AbstractTestContextBootstrapper.java:277)
	at org.springframework.test.context.support.AbstractTestContextBootstrapper.buildTestContext(AbstractTestContextBootstrapper.java:112)
	at org.springframework.boot.test.context.SpringBootTestContextBootstrapper.buildTestContext(SpringBootTestContextBootstrapper.java:82)
	at org.springframework.test.context.TestContextManager.<init>(TestContextManager.java:120)
	at org.springframework.test.context.TestContextManager.<init>(TestContextManager.java:105)
	at org.springframework.test.context.junit4.SpringJUnit4ClassRunner.createTestContextManager(SpringJUnit4ClassRunner.java:152)
	at org.springframework.test.context.junit4.SpringJUnit4ClassRunner.<init>(SpringJUnit4ClassRunner.java:143)
	at org.springframework.test.context.junit4.SpringRunner.<init>(SpringRunner.java:49)
	at sun.reflect.NativeConstructorAccessorImpl.newInstance0(Native Method)
	at sun.reflect.NativeConstructorAccessorImpl.newInstance(NativeConstructorAccessorImpl.java:62)
	at sun.reflect.DelegatingConstructorAccessorImpl.newInstance(DelegatingConstructorAccessorImpl.java:45)
	at java.lang.reflect.Constructor.newInstance(Constructor.java:423)
	at org.junit.internal.builders.AnnotatedBuilder.buildRunner(AnnotatedBuilder.java:104)
	at org.junit.internal.builders.AnnotatedBuilder.runnerForClass(AnnotatedBuilder.java:86)
	at org.junit.runners.model.RunnerBuilder.safeRunnerForClass(RunnerBuilder.java:59)
	at org.junit.internal.builders.AllDefaultPossibilitiesBuilder.runnerForClass(AllDefaultPossibilitiesBuilder.java:26)
	at org.junit.runners.model.RunnerBuilder.safeRunnerForClass(RunnerBuilder.java:59)
	at org.junit.internal.requests.ClassRequest.getRunner(ClassRequest.java:33)
	at org.apache.maven.surefire.junit4.JUnit4Provider.execute(JUnit4Provider.java:283)
	at org.apache.maven.surefire.junit4.JUnit4Provider.executeWithRerun(JUnit4Provider.java:173)
	at org.apache.maven.surefire.junit4.JUnit4Provider.executeTestSet(JUnit4Provider.java:153)
	at org.apache.maven.surefire.junit4.JUnit4Provider.invoke(JUnit4Provider.java:128)
	at org.apache.maven.surefire.booter.ForkedBooter.invokeProviderInSameClassLoader(ForkedBooter.java:203)
	at org.apache.maven.surefire.booter.ForkedBooter.runSuitesInProcess(ForkedBooter.java:155)
	at org.apache.maven.surefire.booter.ForkedBooter.main(ForkedBooter.java:103)
]]></error>
    <system-out><![CDATA[00:31:40.692 [main] DEBUG org.springframework.test.context.junit4.SpringJUnit4ClassRunner - SpringJUnit4ClassRunner constructor called with [class com.itdeep.micorservices.socialmathematics.multiplication.controller.MultiplicationControllerTest]
00:31:40.712 [main] DEBUG org.springframework.test.context.BootstrapUtils - Instantiating CacheAwareContextLoaderDelegate from class [org.springframework.test.context.cache.DefaultCacheAwareContextLoaderDelegate]
00:31:40.731 [main] DEBUG org.springframework.test.context.BootstrapUtils - Instantiating BootstrapContext using constructor [public org.springframework.test.context.support.DefaultBootstrapContext(java.lang.Class,org.springframework.test.context.CacheAwareContextLoaderDelegate)]
00:31:40.754 [main] DEBUG org.springframework.test.context.BootstrapUtils - Instantiating TestContextBootstrapper for test class [com.itdeep.micorservices.socialmathematics.multiplication.controller.MultiplicationControllerTest] from class [org.springframework.boot.test.autoconfigure.web.servlet.WebMvcTestContextBootstrapper]
00:31:40.784 [main] INFO org.springframework.boot.test.autoconfigure.web.servlet.WebMvcTestContextBootstrapper - Neither @ContextConfiguration nor @ContextHierarchy found for test class [com.itdeep.micorservices.socialmathematics.multiplication.controller.MultiplicationControllerTest], using SpringBootContextLoader
00:31:40.799 [main] DEBUG org.springframework.test.context.support.AbstractContextLoader - Did not detect default resource location for test class [com.itdeep.micorservices.socialmathematics.multiplication.controller.MultiplicationControllerTest]: class path resource [com/itdeep/micorservices/socialmathematics/multiplication/controller/MultiplicationControllerTest-context.xml] does not exist
00:31:40.799 [main] DEBUG org.springframework.test.context.support.AbstractContextLoader - Did not detect default resource location for test class [com.itdeep.micorservices.socialmathematics.multiplication.controller.MultiplicationControllerTest]: class path resource [com/itdeep/micorservices/socialmathematics/multiplication/controller/MultiplicationControllerTestContext.groovy] does not exist
00:31:40.800 [main] INFO org.springframework.test.context.support.AbstractContextLoader - Could not detect default resource locations for test class [com.itdeep.micorservices.socialmathematics.multiplication.controller.MultiplicationControllerTest]: no resource found for suffixes {-context.xml, Context.groovy}.
00:31:40.801 [main] INFO org.springframework.test.context.support.AnnotationConfigContextLoaderUtils - Could not detect default configuration classes for test class [com.itdeep.micorservices.socialmathematics.multiplication.controller.MultiplicationControllerTest]: MultiplicationControllerTest does not declare any static, non-private, non-final, nested classes annotated with @Configuration.
00:31:40.936 [main] DEBUG org.springframework.test.context.support.ActiveProfilesUtils - Could not find an 'annotation declaring class' for annotation type [org.springframework.test.context.ActiveProfiles] and class [com.itdeep.micorservices.socialmathematics.multiplication.controller.MultiplicationControllerTest]
00:31:40.956 [main] DEBUG org.springframework.core.env.StandardEnvironment - Adding PropertySource 'systemProperties' with lowest search precedence
00:31:40.956 [main] DEBUG org.springframework.core.env.StandardEnvironment - Adding PropertySource 'systemEnvironment' with lowest search precedence
00:31:40.956 [main] DEBUG org.springframework.core.env.StandardEnvironment - Initialized StandardEnvironment with PropertySources [MapPropertySource@1558021762 {name='systemProperties', properties={java.runtime.name=Java(TM) SE Runtime Environment, sun.boot.library.path=C:\Program Files\Java\jdk1.8.0_121\jre\bin, java.vm.version=25.121-b13, java.vm.vendor=Oracle Corporation, java.vendor.url=http://java.oracle.com/, path.separator=;, java.vm.name=Java HotSpot(TM) 64-Bit Server VM, file.encoding.pkg=sun.io, user.country=GB, user.script=, sun.java.launcher=SUN_STANDARD, sun.os.patch.level=Service Pack 1, test=com.itdeep.micorservices.socialmathematics.multiplication.controller.MultiplicationControllerTest, java.vm.specification.name=Java Virtual Machine Specification, user.dir=C:\Users\EXG503\Documents\GitHub\microservices_with_spring\social-mathematics, java.runtime.version=1.8.0_121-b13, basedir=C:\Users\EXG503\Documents\GitHub\microservices_with_spring\social-mathematics, java.awt.graphicsenv=sun.awt.Win32GraphicsEnvironment, java.endorsed.dirs=C:\Program Files\Java\jdk1.8.0_121\jre\lib\endorsed, os.arch=amd64, surefire.real.class.path=C:\Users\EXG503\Documents\GitHub\microservices_with_spring\social-mathematics\target\surefire\surefirebooter270145510151983918.jar, java.io.tmpdir=C:\Users\EXG503\AppData\Local\Temp\, line.separator=
, java.vm.specification.vendor=Oracle Corporation, user.variant=, os.name=Windows 7, maven.ext.class.path=C:\Program Files\NetBeans 8.2\java\maven-nblib\netbeans-eventspy.jar, sun.jnu.encoding=Cp1252, java.library.path=C:\Program Files\Java\jdk1.8.0_121\jre\bin;C:\WINDOWS\Sun\Java\bin;C:\WINDOWS\system32;C:\WINDOWS;C:\ProgramData\Oracle\Java\javapath;C:\Program Files (x86)\Intel\iCLS Client\;C:\Program Files\Intel\iCLS Client\;C:\Oracle\product\11.2\client\bin;C:\WINDOWS\system32;C:\WINDOWS;C:\WINDOWS\System32\Wbem;C:\WINDOWS\System32\WindowsPowerShell\v1.0\;C:\WINDOWS\System32\WindowsPowerShell\v1.0\;C:\WINDOWS\System32\WindowsPowerShell\v1.0\;C:\Program Files\Intel\WiFi\bin\;C:\Program Files\Common Files\Intel\WirelessCommon\;C:\Program Files (x86)\Intel\Intel(R) Management Engine Components\DAL;C:\Program Files\Intel\Intel(R) Management Engine Components\DAL;C:\Program Files (x86)\Intel\Intel(R) Management Engine Components\IPT;C:\Program Files\Intel\Intel(R) Management Engine Components\IPT;C:\Program Files\TortoiseSVN\bin;C:\Program Files\nodejs\;C:\Program Files\Git\cmd;C:\Program Files (x86)\Skype\Phone\;C:\Gradle\gradle-4.3\bin;C:\Program Files\TortoiseGit\bin;C:\Program Files (x86)\Yarn\bin\;C:\Users\EXG503\AppData\Roaming\npm;C:\Users\EXG503\AppData\Local\GitHubDesktop\bin;C:\Users\EXG503\AppData\Local\Yarn\bin;., surefire.test.class.path=C:\Users\EXG503\Documents\GitHub\microservices_with_spring\social-mathematics\target\test-classes;C:\Users\EXG503\Documents\GitHub\microservices_with_spring\social-mathematics\target\classes;C:\Users\EXG503\.m2\repository\org\springframework\boot\spring-boot-starter-web\1.5.7.RELEASE\spring-boot-starter-web-1.5.7.RELEASE.jar;C:\Users\EXG503\.m2\repository\org\springframework\boot\spring-boot-starter\1.5.7.RELEASE\spring-boot-starter-1.5.7.RELEASE.jar;C:\Users\EXG503\.m2\repository\org\springframework\boot\spring-boot\1.5.7.RELEASE\spring-boot-1.5.7.RELEASE.jar;C:\Users\EXG503\.m2\repository\org\springframework\boot\spring-boot-autoconfigure\1.5.7.RELEASE\spring-boot-autoconfigure-1.5.7.RELEASE.jar;C:\Users\EXG503\.m2\repository\org\springframework\boot\spring-boot-starter-logging\1.5.7.RELEASE\spring-boot-starter-logging-1.5.7.RELEASE.jar;C:\Users\EXG503\.m2\repository\ch\qos\logback\logback-classic\1.1.11\logback-classic-1.1.11.jar;C:\Users\EXG503\.m2\repository\ch\qos\logback\logback-core\1.1.11\logback-core-1.1.11.jar;C:\Users\EXG503\.m2\repository\org\slf4j\jcl-over-slf4j\1.7.25\jcl-over-slf4j-1.7.25.jar;C:\Users\EXG503\.m2\repository\org\slf4j\jul-to-slf4j\1.7.25\jul-to-slf4j-1.7.25.jar;C:\Users\EXG503\.m2\repository\org\slf4j\log4j-over-slf4j\1.7.25\log4j-over-slf4j-1.7.25.jar;C:\Users\EXG503\.m2\repository\org\yaml\snakeyaml\1.17\snakeyaml-1.17.jar;C:\Users\EXG503\.m2\repository\org\springframework\boot\spring-boot-starter-tomcat\1.5.7.RELEASE\spring-boot-starter-tomcat-1.5.7.RELEASE.jar;C:\Users\EXG503\.m2\repository\org\apache\tomcat\embed\tomcat-embed-core\8.5.20\tomcat-embed-core-8.5.20.jar;C:\Users\EXG503\.m2\repository\org\apache\tomcat\embed\tomcat-embed-el\8.5.20\tomcat-embed-el-8.5.20.jar;C:\Users\EXG503\.m2\repository\org\apache\tomcat\embed\tomcat-embed-websocket\8.5.20\tomcat-embed-websocket-8.5.20.jar;C:\Users\EXG503\.m2\repository\org\hibernate\hibernate-validator\5.3.5.Final\hibernate-validator-5.3.5.Final.jar;C:\Users\EXG503\.m2\repository\javax\validation\validation-api\1.1.0.Final\validation-api-1.1.0.Final.jar;C:\Users\EXG503\.m2\repository\org\jboss\logging\jboss-logging\3.3.1.Final\jboss-logging-3.3.1.Final.jar;C:\Users\EXG503\.m2\repository\com\fasterxml\classmate\1.3.4\classmate-1.3.4.jar;C:\Users\EXG503\.m2\repository\com\fasterxml\jackson\core\jackson-databind\2.8.10\jackson-databind-2.8.10.jar;C:\Users\EXG503\.m2\repository\com\fasterxml\jackson\core\jackson-annotations\2.8.0\jackson-annotations-2.8.0.jar;C:\Users\EXG503\.m2\repository\com\fasterxml\jackson\core\jackson-core\2.8.10\jackson-core-2.8.10.jar;C:\Users\EXG503\.m2\repository\org\springframework\spring-web\4.3.11.RELEASE\spring-web-4.3.11.RELEASE.jar;C:\Users\EXG503\.m2\repository\org\springframework\spring-aop\4.3.11.RELEASE\spring-aop-4.3.11.RELEASE.jar;C:\Users\EXG503\.m2\repository\org\springframework\spring-beans\4.3.11.RELEASE\spring-beans-4.3.11.RELEASE.jar;C:\Users\EXG503\.m2\repository\org\springframework\spring-context\4.3.11.RELEASE\spring-context-4.3.11.RELEASE.jar;C:\Users\EXG503\.m2\repository\org\springframework\spring-webmvc\4.3.11.RELEASE\spring-webmvc-4.3.11.RELEASE.jar;C:\Users\EXG503\.m2\repository\org\springframework\spring-expression\4.3.11.RELEASE\spring-expression-4.3.11.RELEASE.jar;C:\Users\EXG503\.m2\repository\org\projectlombok\lombok\1.16.18\lombok-1.16.18.jar;C:\Users\EXG503\.m2\repository\org\springframework\boot\spring-boot-starter-test\1.5.7.RELEASE\spring-boot-starter-test-1.5.7.RELEASE.jar;C:\Users\EXG503\.m2\repository\org\springframework\boot\spring-boot-test\1.5.7.RELEASE\spring-boot-test-1.5.7.RELEASE.jar;C:\Users\EXG503\.m2\repository\org\springframework\boot\spring-boot-test-autoconfigure\1.5.7.RELEASE\spring-boot-test-autoconfigure-1.5.7.RELEASE.jar;C:\Users\EXG503\.m2\repository\com\jayway\jsonpath\json-path\2.2.0\json-path-2.2.0.jar;C:\Users\EXG503\.m2\repository\net\minidev\json-smart\2.2.1\json-smart-2.2.1.jar;C:\Users\EXG503\.m2\repository\net\minidev\accessors-smart\1.1\accessors-smart-1.1.jar;C:\Users\EXG503\.m2\repository\org\ow2\asm\asm\5.0.3\asm-5.0.3.jar;C:\Users\EXG503\.m2\repository\org\slf4j\slf4j-api\1.7.25\slf4j-api-1.7.25.jar;C:\Users\EXG503\.m2\repository\junit\junit\4.12\junit-4.12.jar;C:\Users\EXG503\.m2\repository\org\assertj\assertj-core\2.6.0\assertj-core-2.6.0.jar;C:\Users\EXG503\.m2\repository\org\mockito\mockito-core\1.10.19\mockito-core-1.10.19.jar;C:\Users\EXG503\.m2\repository\org\objenesis\objenesis\2.1\objenesis-2.1.jar;C:\Users\EXG503\.m2\repository\org\hamcrest\hamcrest-core\1.3\hamcrest-core-1.3.jar;C:\Users\EXG503\.m2\repository\org\hamcrest\hamcrest-library\1.3\hamcrest-library-1.3.jar;C:\Users\EXG503\.m2\repository\org\skyscreamer\jsonassert\1.4.0\jsonassert-1.4.0.jar;C:\Users\EXG503\.m2\repository\com\vaadin\external\google\android-json\0.0.20131108.vaadin1\android-json-0.0.20131108.vaadin1.jar;C:\Users\EXG503\.m2\repository\org\springframework\spring-core\4.3.11.RELEASE\spring-core-4.3.11.RELEASE.jar;C:\Users\EXG503\.m2\repository\org\springframework\spring-test\4.3.11.RELEASE\spring-test-4.3.11.RELEASE.jar;, java.specification.name=Java Platform API Specification, java.class.version=52.0, sun.management.compiler=HotSpot 64-Bit Tiered Compilers, os.version=6.1, user.home=C:\Users\EXG503, user.timezone=Europe/Paris, java.awt.printerjob=sun.awt.windows.WPrinterJob, file.encoding=UTF-8, java.specification.version=1.8, java.class.path=C:\Users\EXG503\Documents\GitHub\microservices_with_spring\social-mathematics\target\test-classes;C:\Users\EXG503\Documents\GitHub\microservices_with_spring\social-mathematics\target\classes;C:\Users\EXG503\.m2\repository\org\springframework\boot\spring-boot-starter-web\1.5.7.RELEASE\spring-boot-starter-web-1.5.7.RELEASE.jar;C:\Users\EXG503\.m2\repository\org\springframework\boot\spring-boot-starter\1.5.7.RELEASE\spring-boot-starter-1.5.7.RELEASE.jar;C:\Users\EXG503\.m2\repository\org\springframework\boot\spring-boot\1.5.7.RELEASE\spring-boot-1.5.7.RELEASE.jar;C:\Users\EXG503\.m2\repository\org\springframework\boot\spring-boot-autoconfigure\1.5.7.RELEASE\spring-boot-autoconfigure-1.5.7.RELEASE.jar;C:\Users\EXG503\.m2\repository\org\springframework\boot\spring-boot-starter-logging\1.5.7.RELEASE\spring-boot-starter-logging-1.5.7.RELEASE.jar;C:\Users\EXG503\.m2\repository\ch\qos\logback\logback-classic\1.1.11\logback-classic-1.1.11.jar;C:\Users\EXG503\.m2\repository\ch\qos\logback\logback-core\1.1.11\logback-core-1.1.11.jar;C:\Users\EXG503\.m2\repository\org\slf4j\jcl-over-slf4j\1.7.25\jcl-over-slf4j-1.7.25.jar;C:\Users\EXG503\.m2\repository\org\slf4j\jul-to-slf4j\1.7.25\jul-to-slf4j-1.7.25.jar;C:\Users\EXG503\.m2\repository\org\slf4j\log4j-over-slf4j\1.7.25\log4j-over-slf4j-1.7.25.jar;C:\Users\EXG503\.m2\repository\org\yaml\snakeyaml\1.17\snakeyaml-1.17.jar;C:\Users\EXG503\.m2\repository\org\springframework\boot\spring-boot-starter-tomcat\1.5.7.RELEASE\spring-boot-starter-tomcat-1.5.7.RELEASE.jar;C:\Users\EXG503\.m2\repository\org\apache\tomcat\embed\tomcat-embed-core\8.5.20\tomcat-embed-core-8.5.20.jar;C:\Users\EXG503\.m2\repository\org\apache\tomcat\embed\tomcat-embed-el\8.5.20\tomcat-embed-el-8.5.20.jar;C:\Users\EXG503\.m2\repository\org\apache\tomcat\embed\tomcat-embed-websocket\8.5.20\tomcat-embed-websocket-8.5.20.jar;C:\Users\EXG503\.m2\repository\org\hibernate\hibernate-validator\5.3.5.Final\hibernate-validator-5.3.5.Final.jar;C:\Users\EXG503\.m2\repository\javax\validation\validation-api\1.1.0.Final\validation-api-1.1.0.Final.jar;C:\Users\EXG503\.m2\repository\org\jboss\logging\jboss-logging\3.3.1.Final\jboss-logging-3.3.1.Final.jar;C:\Users\EXG503\.m2\repository\com\fasterxml\classmate\1.3.4\classmate-1.3.4.jar;C:\Users\EXG503\.m2\repository\com\fasterxml\jackson\core\jackson-databind\2.8.10\jackson-databind-2.8.10.jar;C:\Users\EXG503\.m2\repository\com\fasterxml\jackson\core\jackson-annotations\2.8.0\jackson-annotations-2.8.0.jar;C:\Users\EXG503\.m2\repository\com\fasterxml\jackson\core\jackson-core\2.8.10\jackson-core-2.8.10.jar;C:\Users\EXG503\.m2\repository\org\springframework\spring-web\4.3.11.RELEASE\spring-web-4.3.11.RELEASE.jar;C:\Users\EXG503\.m2\repository\org\springframework\spring-aop\4.3.11.RELEASE\spring-aop-4.3.11.RELEASE.jar;C:\Users\EXG503\.m2\repository\org\springframework\spring-beans\4.3.11.RELEASE\spring-beans-4.3.11.RELEASE.jar;C:\Users\EXG503\.m2\repository\org\springframework\spring-context\4.3.11.RELEASE\spring-context-4.3.11.RELEASE.jar;C:\Users\EXG503\.m2\repository\org\springframework\spring-webmvc\4.3.11.RELEASE\spring-webmvc-4.3.11.RELEASE.jar;C:\Users\EXG503\.m2\repository\org\springframework\spring-expression\4.3.11.RELEASE\spring-expression-4.3.11.RELEASE.jar;C:\Users\EXG503\.m2\repository\org\projectlombok\lombok\1.16.18\lombok-1.16.18.jar;C:\Users\EXG503\.m2\repository\org\springframework\boot\spring-boot-starter-test\1.5.7.RELEASE\spring-boot-starter-test-1.5.7.RELEASE.jar;C:\Users\EXG503\.m2\repository\org\springframework\boot\spring-boot-test\1.5.7.RELEASE\spring-boot-test-1.5.7.RELEASE.jar;C:\Users\EXG503\.m2\repository\org\springframework\boot\spring-boot-test-autoconfigure\1.5.7.RELEASE\spring-boot-test-autoconfigure-1.5.7.RELEASE.jar;C:\Users\EXG503\.m2\repository\com\jayway\jsonpath\json-path\2.2.0\json-path-2.2.0.jar;C:\Users\EXG503\.m2\repository\net\minidev\json-smart\2.2.1\json-smart-2.2.1.jar;C:\Users\EXG503\.m2\repository\net\minidev\accessors-smart\1.1\accessors-smart-1.1.jar;C:\Users\EXG503\.m2\repository\org\ow2\asm\asm\5.0.3\asm-5.0.3.jar;C:\Users\EXG503\.m2\repository\org\slf4j\slf4j-api\1.7.25\slf4j-api-1.7.25.jar;C:\Users\EXG503\.m2\repository\junit\junit\4.12\junit-4.12.jar;C:\Users\EXG503\.m2\repository\org\assertj\assertj-core\2.6.0\assertj-core-2.6.0.jar;C:\Users\EXG503\.m2\repository\org\mockito\mockito-core\1.10.19\mockito-core-1.10.19.jar;C:\Users\EXG503\.m2\repository\org\objenesis\objenesis\2.1\objenesis-2.1.jar;C:\Users\EXG503\.m2\repository\org\hamcrest\hamcrest-core\1.3\hamcrest-core-1.3.jar;C:\Users\EXG503\.m2\repository\org\hamcrest\hamcrest-library\1.3\hamcrest-library-1.3.jar;C:\Users\EXG503\.m2\repository\org\skyscreamer\jsonassert\1.4.0\jsonassert-1.4.0.jar;C:\Users\EXG503\.m2\repository\com\vaadin\external\google\android-json\0.0.20131108.vaadin1\android-json-0.0.20131108.vaadin1.jar;C:\Users\EXG503\.m2\repository\org\springframework\spring-core\4.3.11.RELEASE\spring-core-4.3.11.RELEASE.jar;C:\Users\EXG503\.m2\repository\org\springframework\spring-test\4.3.11.RELEASE\spring-test-4.3.11.RELEASE.jar;, user.name=EXG503, java.vm.specification.version=1.8, sun.java.command=C:\Users\EXG503\Documents\GitHub\microservices_with_spring\social-mathematics\target\surefire\surefirebooter270145510151983918.jar C:\Users\EXG503\Documents\GitHub\microservices_with_spring\social-mathematics\target\surefire\surefire8197837675138779935tmp C:\Users\EXG503\Documents\GitHub\microservices_with_spring\social-mathematics\target\surefire\surefire_04482318451458939318tmp, java.home=C:\Program Files\Java\jdk1.8.0_121\jre, sun.arch.data.model=64, user.language=en, java.specification.vendor=Oracle Corporation, awt.toolkit=sun.awt.windows.WToolkit, java.vm.info=mixed mode, java.version=1.8.0_121, java.ext.dirs=C:\Program Files\Java\jdk1.8.0_121\jre\lib\ext;C:\WINDOWS\Sun\Java\lib\ext, sun.boot.class.path=C:\Program Files\Java\jdk1.8.0_121\jre\lib\resources.jar;C:\Program Files\Java\jdk1.8.0_121\jre\lib\rt.jar;C:\Program Files\Java\jdk1.8.0_121\jre\lib\sunrsasign.jar;C:\Program Files\Java\jdk1.8.0_121\jre\lib\jsse.jar;C:\Program Files\Java\jdk1.8.0_121\jre\lib\jce.jar;C:\Program Files\Java\jdk1.8.0_121\jre\lib\charsets.jar;C:\Program Files\Java\jdk1.8.0_121\jre\lib\jfr.jar;C:\Program Files\Java\jdk1.8.0_121\jre\classes, java.vendor=Oracle Corporation, localRepository=C:\Users\EXG503\.m2\repository, file.separator=\, java.vendor.url.bug=http://bugreport.sun.com/bugreport/, sun.io.unicode.encoding=UnicodeLittle, sun.cpu.endian=little, sun.desktop=windows, sun.cpu.isalist=amd64}}, SystemEnvironmentPropertySource@225290371 {name='systemEnvironment', properties={PATH=C:\ProgramData\Oracle\Java\javapath;C:\Program Files (x86)\Intel\iCLS Client\;C:\Program Files\Intel\iCLS Client\;C:\Oracle\product\11.2\client\bin;C:\WINDOWS\system32;C:\WINDOWS;C:\WINDOWS\System32\Wbem;C:\WINDOWS\System32\WindowsPowerShell\v1.0\;C:\WINDOWS\System32\WindowsPowerShell\v1.0\;C:\WINDOWS\System32\WindowsPowerShell\v1.0\;C:\Program Files\Intel\WiFi\bin\;C:\Program Files\Common Files\Intel\WirelessCommon\;C:\Program Files (x86)\Intel\Intel(R) Management Engine Components\DAL;C:\Program Files\Intel\Intel(R) Management Engine Components\DAL;C:\Program Files (x86)\Intel\Intel(R) Management Engine Components\IPT;C:\Program Files\Intel\Intel(R) Management Engine Components\IPT;C:\Program Files\TortoiseSVN\bin;C:\Program Files\nodejs\;C:\Program Files\Git\cmd;C:\Program Files (x86)\Skype\Phone\;C:\Gradle\gradle-4.3\bin;C:\Program Files\TortoiseGit\bin;C:\Program Files (x86)\Yarn\bin\;C:\Users\EXG503\AppData\Roaming\npm;C:\Users\EXG503\AppData\Local\GitHubDesktop\bin;C:\Users\EXG503\AppData\Local\Yarn\bin, USERDOMAIN_ROAMINGPROFILE=MSNET, PROCESSOR_LEVEL=6, SYSTEMDRIVE=C:, PSDISTRICT_INSTALLATIONMETHOD=PXE, FP_NO_HOST_CHECK=NO, PSDISTRICT_DEPLOYMENTID=WKS202BB, SESSIONNAME=Console, ALLUSERSPROFILE=C:\ProgramData, PSDISTRICT_OSDCOMPUTERNAME=PO160003345, PROCESSOR_ARCHITECTURE=AMD64, PSDISTRICT_BOOTIMAGEVERSION=WKS00B8E, NB_EXEC_MAVEN_PROCESS_UUID=0d1df043-f615-44ad-a7f4-da736d4ee960, PROGRAMFILES=C:\Program Files, PSMODULEPATH=C:\Program Files\WindowsPowerShell\Modules;C:\WINDOWS\system32\WindowsPowerShell\v1.0\Modules, PROGRAMDATA=C:\ProgramData, PSDISTRICT_INSTALLDATETIME=27/03/2017 13:43:16, PSDISTRICT_TSVERSION=1610, USERNAME=EXG503, USERDNSDOMAIN=MSNET.RAILB.BE, PLMVIS_82_LIBPATH=C:\Program Files (x86)\SAP\FrontEnd\SAPgui\Program, PSDISTRICT_OU=LDAP://OU=Computers,OU=I-Build,OU=40 Infrabel,OU=Unit placeholder,DC=msnet,DC=railb,DC=be, PATHEXT=.COM;.EXE;.BAT;.CMD;.VBS;.VBE;.JS;.JSE;.WSF;.WSH;.MSC, PSDISTRICT_TASKSEQUENCEINSTALLATIONID=WKS00CA0, TCVIS_ENABLE_AERO=True, CLASSWORLDS_JAR="C:\Program Files\NetBeans 8.2\java\maven\boot\plexus-classworlds-2.4.jar", UOIPME_REG_PATH=C:\Program Files\Intel Corporation\USB over IP, WINDIR=C:\WINDOWS, PSDISTRICT_SITECODE=WKS, HOMEPATH=\Users\EXG503, PROCESSOR_IDENTIFIER=Intel64 Family 6 Model 78 Stepping 3, GenuineIntel, WINDOWS_TRACING_LOGFILE=C:\BVTBin\Tests\installpackage\csilogfile.log, M2_HOME=C:\Program Files\NetBeans 8.2\java\maven, MAVEN_JAVA_EXE="C:\Program Files\Java\jdk1.8.0_121\bin\java.exe", PUBLIC=C:\Users\Public, LOCALAPPDATA=C:\Users\EXG503\AppData\Local, COMMONPROGRAMFILES(X86)=C:\Program Files (x86)\Common Files, USERDOMAIN=MSNET, LOGONSERVER=\\IICTBIDCWV002, JAVA_HOME=C:\Program Files\Java\jdk1.8.0_121, PROMPT=$P$G, PROGRAMFILES(X86)=C:\Program Files (x86), ERROR_CODE=0, PSDISTRICT_SMSTSLAUNCHMODE=PXE, WINDOWS_TRACING_FLAGS=3, =C:=C:\Users\EXG503\Documents\GitHub\microservices_with_spring\social-mathematics, APPDATA=C:\Users\EXG503\AppData\Roaming, PROGRAMW6432=C:\Program Files, SYSTEMROOT=C:\WINDOWS, MAVEN_CMD_LINE_ARGS=-Dtest=com.itdeep.micorservices.socialmathematics.multiplication.controller.MultiplicationControllerTest -Dmaven.ext.class.path="C:\Program Files\NetBeans 8.2\java\maven-nblib\netbeans-eventspy.jar" -Dfile.encoding=UTF-8 surefire:test, NETBEANSPROJECTMAPPINGS=, OS=Windows_NT, COMMONPROGRAMW6432=C:\Program Files\Common Files, COMPUTERNAME=PO160003345, COMMONPROGRAMFILES=C:\Program Files\Common Files, COMSPEC=C:\WINDOWS\system32\cmd.exe, PROCESSOR_REVISION=4e03, UATDATA=C:\WINDOWS\CCM\UATData\D9F8C395-CAB8-491d-B8AC-179A1FE1BE77, CLASSWORLDS_LAUNCHER=org.codehaus.plexus.classworlds.launcher.Launcher, PSDISTRICT_TASKSEQUENCEINSTALLATIONNAME=K1610 Win7 / Win7 ITM With IE11, TEMP=C:\Users\EXG503\AppData\Local\Temp, HOMEDRIVE=C:, SNC_LIB=C:\Program Files (x86)\SAP\FrontEnd\SapGui\Encryption\secgss.dll, USERPROFILE=C:\Users\EXG503, TMP=C:\Users\EXG503\AppData\Local\Temp, NUMBER_OF_PROCESSORS=4, PSDISTRICT_SMSTSMACHINENAME=MININT-B4JC340, HOME=C:\Users\EXG503}}]
00:31:40.996 [main] DEBUG org.springframework.core.io.support.PathMatchingResourcePatternResolver - Resolved classpath location [com/itdeep/micorservices/socialmathematics/multiplication/controller/] to resources [URL [file:/C:/Users/EXG503/Documents/GitHub/microservices_with_spring/social-mathematics/target/test-classes/com/itdeep/micorservices/socialmathematics/multiplication/controller/], URL [file:/C:/Users/EXG503/Documents/GitHub/microservices_with_spring/social-mathematics/target/classes/com/itdeep/micorservices/socialmathematics/multiplication/controller/]]
00:31:40.996 [main] DEBUG org.springframework.core.io.support.PathMatchingResourcePatternResolver - Looking for matching resources in directory tree [C:\Users\EXG503\Documents\GitHub\microservices_with_spring\social-mathematics\target\test-classes\com\itdeep\micorservices\socialmathematics\multiplication\controller]
00:31:41.006 [main] DEBUG org.springframework.core.io.support.PathMatchingResourcePatternResolver - Searching directory [C:\Users\EXG503\Documents\GitHub\microservices_with_spring\social-mathematics\target\test-classes\com\itdeep\micorservices\socialmathematics\multiplication\controller] for files matching pattern [C:/Users/EXG503/Documents/GitHub/microservices_with_spring/social-mathematics/target/test-classes/com/itdeep/micorservices/socialmathematics/multiplication/controller/*.class]
00:31:41.013 [main] DEBUG org.springframework.core.io.support.PathMatchingResourcePatternResolver - Looking for matching resources in directory tree [C:\Users\EXG503\Documents\GitHub\microservices_with_spring\social-mathematics\target\classes\com\itdeep\micorservices\socialmathematics\multiplication\controller]
00:31:41.014 [main] DEBUG org.springframework.core.io.support.PathMatchingResourcePatternResolver - Searching directory [C:\Users\EXG503\Documents\GitHub\microservices_with_spring\social-mathematics\target\classes\com\itdeep\micorservices\socialmathematics\multiplication\controller] for files matching pattern [C:/Users/EXG503/Documents/GitHub/microservices_with_spring/social-mathematics/target/classes/com/itdeep/micorservices/socialmathematics/multiplication/controller/*.class]
00:31:41.015 [main] DEBUG org.springframework.core.io.support.PathMatchingResourcePatternResolver - Resolved location pattern [classpath*:com/itdeep/micorservices/socialmathematics/multiplication/controller/*.class] to resources [file [C:\Users\EXG503\Documents\GitHub\microservices_with_spring\social-mathematics\target\test-classes\com\itdeep\micorservices\socialmathematics\multiplication\controller\MultiplicationControllerTest.class], file [C:\Users\EXG503\Documents\GitHub\microservices_with_spring\social-mathematics\target\classes\com\itdeep\micorservices\socialmathematics\multiplication\controller\MultiplicationController.class]]
00:31:41.061 [main] DEBUG org.springframework.core.io.support.PathMatchingResourcePatternResolver - Resolved classpath location [com/itdeep/micorservices/socialmathematics/multiplication/] to resources [URL [file:/C:/Users/EXG503/Documents/GitHub/microservices_with_spring/social-mathematics/target/test-classes/com/itdeep/micorservices/socialmathematics/multiplication/], URL [file:/C:/Users/EXG503/Documents/GitHub/microservices_with_spring/social-mathematics/target/classes/com/itdeep/micorservices/socialmathematics/multiplication/]]
00:31:41.061 [main] DEBUG org.springframework.core.io.support.PathMatchingResourcePatternResolver - Looking for matching resources in directory tree [C:\Users\EXG503\Documents\GitHub\microservices_with_spring\social-mathematics\target\test-classes\com\itdeep\micorservices\socialmathematics\multiplication]
00:31:41.062 [main] DEBUG org.springframework.core.io.support.PathMatchingResourcePatternResolver - Searching directory [C:\Users\EXG503\Documents\GitHub\microservices_with_spring\social-mathematics\target\test-classes\com\itdeep\micorservices\socialmathematics\multiplication] for files matching pattern [C:/Users/EXG503/Documents/GitHub/microservices_with_spring/social-mathematics/target/test-classes/com/itdeep/micorservices/socialmathematics/multiplication/*.class]
00:31:41.064 [main] DEBUG org.springframework.core.io.support.PathMatchingResourcePatternResolver - Looking for matching resources in directory tree [C:\Users\EXG503\Documents\GitHub\microservices_with_spring\social-mathematics\target\classes\com\itdeep\micorservices\socialmathematics\multiplication]
00:31:41.064 [main] DEBUG org.springframework.core.io.support.PathMatchingResourcePatternResolver - Searching directory [C:\Users\EXG503\Documents\GitHub\microservices_with_spring\social-mathematics\target\classes\com\itdeep\micorservices\socialmathematics\multiplication] for files matching pattern [C:/Users/EXG503/Documents/GitHub/microservices_with_spring/social-mathematics/target/classes/com/itdeep/micorservices/socialmathematics/multiplication/*.class]
00:31:41.068 [main] DEBUG org.springframework.core.io.support.PathMatchingResourcePatternResolver - Resolved location pattern [classpath*:com/itdeep/micorservices/socialmathematics/multiplication/*.class] to resources []
00:31:41.068 [main] DEBUG org.springframework.core.io.support.PathMatchingResourcePatternResolver - Resolved classpath location [com/itdeep/micorservices/socialmathematics/] to resources [URL [file:/C:/Users/EXG503/Documents/GitHub/microservices_with_spring/social-mathematics/target/test-classes/com/itdeep/micorservices/socialmathematics/], URL [file:/C:/Users/EXG503/Documents/GitHub/microservices_with_spring/social-mathematics/target/classes/com/itdeep/micorservices/socialmathematics/]]
00:31:41.068 [main] DEBUG org.springframework.core.io.support.PathMatchingResourcePatternResolver - Looking for matching resources in directory tree [C:\Users\EXG503\Documents\GitHub\microservices_with_spring\social-mathematics\target\test-classes\com\itdeep\micorservices\socialmathematics]
00:31:41.068 [main] DEBUG org.springframework.core.io.support.PathMatchingResourcePatternResolver - Searching directory [C:\Users\EXG503\Documents\GitHub\microservices_with_spring\social-mathematics\target\test-classes\com\itdeep\micorservices\socialmathematics] for files matching pattern [C:/Users/EXG503/Documents/GitHub/microservices_with_spring/social-mathematics/target/test-classes/com/itdeep/micorservices/socialmathematics/*.class]
00:31:41.068 [main] DEBUG org.springframework.core.io.support.PathMatchingResourcePatternResolver - Looking for matching resources in directory tree [C:\Users\EXG503\Documents\GitHub\microservices_with_spring\social-mathematics\target\classes\com\itdeep\micorservices\socialmathematics]
00:31:41.068 [main] DEBUG org.springframework.core.io.support.PathMatchingResourcePatternResolver - Searching directory [C:\Users\EXG503\Documents\GitHub\microservices_with_spring\social-mathematics\target\classes\com\itdeep\micorservices\socialmathematics] for files matching pattern [C:/Users/EXG503/Documents/GitHub/microservices_with_spring/social-mathematics/target/classes/com/itdeep/micorservices/socialmathematics/*.class]
00:31:41.068 [main] DEBUG org.springframework.core.io.support.PathMatchingResourcePatternResolver - Resolved location pattern [classpath*:com/itdeep/micorservices/socialmathematics/*.class] to resources []
00:31:41.068 [main] DEBUG org.springframework.core.io.support.PathMatchingResourcePatternResolver - Resolved classpath location [com/itdeep/micorservices/] to resources [URL [file:/C:/Users/EXG503/Documents/GitHub/microservices_with_spring/social-mathematics/target/test-classes/com/itdeep/micorservices/], URL [file:/C:/Users/EXG503/Documents/GitHub/microservices_with_spring/social-mathematics/target/classes/com/itdeep/micorservices/]]
00:31:41.068 [main] DEBUG org.springframework.core.io.support.PathMatchingResourcePatternResolver - Looking for matching resources in directory tree [C:\Users\EXG503\Documents\GitHub\microservices_with_spring\social-mathematics\target\test-classes\com\itdeep\micorservices]
00:31:41.068 [main] DEBUG org.springframework.core.io.support.PathMatchingResourcePatternResolver - Searching directory [C:\Users\EXG503\Documents\GitHub\microservices_with_spring\social-mathematics\target\test-classes\com\itdeep\micorservices] for files matching pattern [C:/Users/EXG503/Documents/GitHub/microservices_with_spring/social-mathematics/target/test-classes/com/itdeep/micorservices/*.class]
00:31:41.068 [main] DEBUG org.springframework.core.io.support.PathMatchingResourcePatternResolver - Looking for matching resources in directory tree [C:\Users\EXG503\Documents\GitHub\microservices_with_spring\social-mathematics\target\classes\com\itdeep\micorservices]
00:31:41.068 [main] DEBUG org.springframework.core.io.support.PathMatchingResourcePatternResolver - Searching directory [C:\Users\EXG503\Documents\GitHub\microservices_with_spring\social-mathematics\target\classes\com\itdeep\micorservices] for files matching pattern [C:/Users/EXG503/Documents/GitHub/microservices_with_spring/social-mathematics/target/classes/com/itdeep/micorservices/*.class]
00:31:41.078 [main] DEBUG org.springframework.core.io.support.PathMatchingResourcePatternResolver - Resolved location pattern [classpath*:com/itdeep/micorservices/*.class] to resources []
00:31:41.078 [main] DEBUG org.springframework.core.io.support.PathMatchingResourcePatternResolver - Resolved classpath location [com/itdeep/] to resources [URL [file:/C:/Users/EXG503/Documents/GitHub/microservices_with_spring/social-mathematics/target/test-classes/com/itdeep/], URL [file:/C:/Users/EXG503/Documents/GitHub/microservices_with_spring/social-mathematics/target/classes/com/itdeep/]]
00:31:41.078 [main] DEBUG org.springframework.core.io.support.PathMatchingResourcePatternResolver - Looking for matching resources in directory tree [C:\Users\EXG503\Documents\GitHub\microservices_with_spring\social-mathematics\target\test-classes\com\itdeep]
00:31:41.078 [main] DEBUG org.springframework.core.io.support.PathMatchingResourcePatternResolver - Searching directory [C:\Users\EXG503\Documents\GitHub\microservices_with_spring\social-mathematics\target\test-classes\com\itdeep] for files matching pattern [C:/Users/EXG503/Documents/GitHub/microservices_with_spring/social-mathematics/target/test-classes/com/itdeep/*.class]
00:31:41.078 [main] DEBUG org.springframework.core.io.support.PathMatchingResourcePatternResolver - Looking for matching resources in directory tree [C:\Users\EXG503\Documents\GitHub\microservices_with_spring\social-mathematics\target\classes\com\itdeep]
00:31:41.078 [main] DEBUG org.springframework.core.io.support.PathMatchingResourcePatternResolver - Searching directory [C:\Users\EXG503\Documents\GitHub\microservices_with_spring\social-mathematics\target\classes\com\itdeep] for files matching pattern [C:/Users/EXG503/Documents/GitHub/microservices_with_spring/social-mathematics/target/classes/com/itdeep/*.class]
00:31:41.078 [main] DEBUG org.springframework.core.io.support.PathMatchingResourcePatternResolver - Resolved location pattern [classpath*:com/itdeep/*.class] to resources []
00:31:41.078 [main] DEBUG org.springframework.core.io.support.PathMatchingResourcePatternResolver - Resolved classpath location [com/] to resources [URL [file:/C:/Users/EXG503/Documents/GitHub/microservices_with_spring/social-mathematics/target/test-classes/com/], URL [file:/C:/Users/EXG503/Documents/GitHub/microservices_with_spring/social-mathematics/target/classes/com/], URL [jar:file:/C:/Users/EXG503/.m2/repository/com/fasterxml/classmate/1.3.4/classmate-1.3.4.jar!/com/], URL [jar:file:/C:/Users/EXG503/.m2/repository/com/fasterxml/jackson/core/jackson-databind/2.8.10/jackson-databind-2.8.10.jar!/com/], URL [jar:file:/C:/Users/EXG503/.m2/repository/com/fasterxml/jackson/core/jackson-annotations/2.8.0/jackson-annotations-2.8.0.jar!/com/], URL [jar:file:/C:/Users/EXG503/.m2/repository/com/fasterxml/jackson/core/jackson-core/2.8.10/jackson-core-2.8.10.jar!/com/], URL [jar:file:/C:/Users/EXG503/.m2/repository/org/projectlombok/lombok/1.16.18/lombok-1.16.18.jar!/com/], URL [jar:file:/C:/Users/EXG503/.m2/repository/com/jayway/jsonpath/json-path/2.2.0/json-path-2.2.0.jar!/com/]]
00:31:41.078 [main] DEBUG org.springframework.core.io.support.PathMatchingResourcePatternResolver - Looking for matching resources in directory tree [C:\Users\EXG503\Documents\GitHub\microservices_with_spring\social-mathematics\target\test-classes\com]
00:31:41.078 [main] DEBUG org.springframework.core.io.support.PathMatchingResourcePatternResolver - Searching directory [C:\Users\EXG503\Documents\GitHub\microservices_with_spring\social-mathematics\target\test-classes\com] for files matching pattern [C:/Users/EXG503/Documents/GitHub/microservices_with_spring/social-mathematics/target/test-classes/com/*.class]
00:31:41.078 [main] DEBUG org.springframework.core.io.support.PathMatchingResourcePatternResolver - Looking for matching resources in directory tree [C:\Users\EXG503\Documents\GitHub\microservices_with_spring\social-mathematics\target\classes\com]
00:31:41.078 [main] DEBUG org.springframework.core.io.support.PathMatchingResourcePatternResolver - Searching directory [C:\Users\EXG503\Documents\GitHub\microservices_with_spring\social-mathematics\target\classes\com] for files matching pattern [C:/Users/EXG503/Documents/GitHub/microservices_with_spring/social-mathematics/target/classes/com/*.class]
00:31:41.078 [main] DEBUG org.springframework.core.io.support.PathMatchingResourcePatternResolver - Looking for matching resources in jar file [file:/C:/Users/EXG503/.m2/repository/com/fasterxml/classmate/1.3.4/classmate-1.3.4.jar]
00:31:41.088 [main] DEBUG org.springframework.core.io.support.PathMatchingResourcePatternResolver - Looking for matching resources in jar file [file:/C:/Users/EXG503/.m2/repository/com/fasterxml/jackson/core/jackson-databind/2.8.10/jackson-databind-2.8.10.jar]
00:31:41.098 [main] DEBUG org.springframework.core.io.support.PathMatchingResourcePatternResolver - Looking for matching resources in jar file [file:/C:/Users/EXG503/.m2/repository/com/fasterxml/jackson/core/jackson-annotations/2.8.0/jackson-annotations-2.8.0.jar]
00:31:41.098 [main] DEBUG org.springframework.core.io.support.PathMatchingResourcePatternResolver - Looking for matching resources in jar file [file:/C:/Users/EXG503/.m2/repository/com/fasterxml/jackson/core/jackson-core/2.8.10/jackson-core-2.8.10.jar]
00:31:41.109 [main] DEBUG org.springframework.core.io.support.PathMatchingResourcePatternResolver - Looking for matching resources in jar file [file:/C:/Users/EXG503/.m2/repository/org/projectlombok/lombok/1.16.18/lombok-1.16.18.jar]
00:31:41.112 [main] DEBUG org.springframework.core.io.support.PathMatchingResourcePatternResolver - Looking for matching resources in jar file [file:/C:/Users/EXG503/.m2/repository/com/jayway/jsonpath/json-path/2.2.0/json-path-2.2.0.jar]
00:31:41.114 [main] DEBUG org.springframework.core.io.support.PathMatchingResourcePatternResolver - Resolved location pattern [classpath*:com/*.class] to resources []
00:31:41.120 [main] DEBUG org.springframework.test.context.junit4.SpringJUnit4ClassRunner - SpringJUnit4ClassRunner constructor called with [class com.itdeep.micorservices.socialmathematics.multiplication.controller.MultiplicationControllerTest]
00:31:41.120 [main] DEBUG org.springframework.test.context.BootstrapUtils - Instantiating CacheAwareContextLoaderDelegate from class [org.springframework.test.context.cache.DefaultCacheAwareContextLoaderDelegate]
00:31:41.121 [main] DEBUG org.springframework.test.context.BootstrapUtils - Instantiating BootstrapContext using constructor [public org.springframework.test.context.support.DefaultBootstrapContext(java.lang.Class,org.springframework.test.context.CacheAwareContextLoaderDelegate)]
00:31:41.121 [main] DEBUG org.springframework.test.context.BootstrapUtils - Instantiating TestContextBootstrapper for test class [com.itdeep.micorservices.socialmathematics.multiplication.controller.MultiplicationControllerTest] from class [org.springframework.boot.test.autoconfigure.web.servlet.WebMvcTestContextBootstrapper]
00:31:41.122 [main] INFO org.springframework.boot.test.autoconfigure.web.servlet.WebMvcTestContextBootstrapper - Neither @ContextConfiguration nor @ContextHierarchy found for test class [com.itdeep.micorservices.socialmathematics.multiplication.controller.MultiplicationControllerTest], using SpringBootContextLoader
00:31:41.124 [main] DEBUG org.springframework.test.context.support.AbstractContextLoader - Did not detect default resource location for test class [com.itdeep.micorservices.socialmathematics.multiplication.controller.MultiplicationControllerTest]: class path resource [com/itdeep/micorservices/socialmathematics/multiplication/controller/MultiplicationControllerTest-context.xml] does not exist
00:31:41.124 [main] DEBUG org.springframework.test.context.support.AbstractContextLoader - Did not detect default resource location for test class [com.itdeep.micorservices.socialmathematics.multiplication.controller.MultiplicationControllerTest]: class path resource [com/itdeep/micorservices/socialmathematics/multiplication/controller/MultiplicationControllerTestContext.groovy] does not exist
00:31:41.125 [main] INFO org.springframework.test.context.support.AbstractContextLoader - Could not detect default resource locations for test class [com.itdeep.micorservices.socialmathematics.multiplication.controller.MultiplicationControllerTest]: no resource found for suffixes {-context.xml, Context.groovy}.
00:31:41.125 [main] INFO org.springframework.test.context.support.AnnotationConfigContextLoaderUtils - Could not detect default configuration classes for test class [com.itdeep.micorservices.socialmathematics.multiplication.controller.MultiplicationControllerTest]: MultiplicationControllerTest does not declare any static, non-private, non-final, nested classes annotated with @Configuration.
00:31:41.166 [main] DEBUG org.springframework.test.context.support.ActiveProfilesUtils - Could not find an 'annotation declaring class' for annotation type [org.springframework.test.context.ActiveProfiles] and class [com.itdeep.micorservices.socialmathematics.multiplication.controller.MultiplicationControllerTest]
00:31:41.166 [main] DEBUG org.springframework.core.env.StandardEnvironment - Adding PropertySource 'systemProperties' with lowest search precedence
00:31:41.166 [main] DEBUG org.springframework.core.env.StandardEnvironment - Adding PropertySource 'systemEnvironment' with lowest search precedence
00:31:41.166 [main] DEBUG org.springframework.core.env.StandardEnvironment - Initialized StandardEnvironment with PropertySources [MapPropertySource@1466073198 {name='systemProperties', properties={java.runtime.name=Java(TM) SE Runtime Environment, sun.boot.library.path=C:\Program Files\Java\jdk1.8.0_121\jre\bin, java.vm.version=25.121-b13, java.vm.vendor=Oracle Corporation, java.vendor.url=http://java.oracle.com/, path.separator=;, java.vm.name=Java HotSpot(TM) 64-Bit Server VM, file.encoding.pkg=sun.io, user.country=GB, user.script=, sun.java.launcher=SUN_STANDARD, sun.os.patch.level=Service Pack 1, test=com.itdeep.micorservices.socialmathematics.multiplication.controller.MultiplicationControllerTest, java.vm.specification.name=Java Virtual Machine Specification, user.dir=C:\Users\EXG503\Documents\GitHub\microservices_with_spring\social-mathematics, java.runtime.version=1.8.0_121-b13, basedir=C:\Users\EXG503\Documents\GitHub\microservices_with_spring\social-mathematics, java.awt.graphicsenv=sun.awt.Win32GraphicsEnvironment, java.endorsed.dirs=C:\Program Files\Java\jdk1.8.0_121\jre\lib\endorsed, os.arch=amd64, surefire.real.class.path=C:\Users\EXG503\Documents\GitHub\microservices_with_spring\social-mathematics\target\surefire\surefirebooter270145510151983918.jar, java.io.tmpdir=C:\Users\EXG503\AppData\Local\Temp\, line.separator=
, java.vm.specification.vendor=Oracle Corporation, user.variant=, os.name=Windows 7, maven.ext.class.path=C:\Program Files\NetBeans 8.2\java\maven-nblib\netbeans-eventspy.jar, sun.jnu.encoding=Cp1252, java.library.path=C:\Program Files\Java\jdk1.8.0_121\jre\bin;C:\WINDOWS\Sun\Java\bin;C:\WINDOWS\system32;C:\WINDOWS;C:\ProgramData\Oracle\Java\javapath;C:\Program Files (x86)\Intel\iCLS Client\;C:\Program Files\Intel\iCLS Client\;C:\Oracle\product\11.2\client\bin;C:\WINDOWS\system32;C:\WINDOWS;C:\WINDOWS\System32\Wbem;C:\WINDOWS\System32\WindowsPowerShell\v1.0\;C:\WINDOWS\System32\WindowsPowerShell\v1.0\;C:\WINDOWS\System32\WindowsPowerShell\v1.0\;C:\Program Files\Intel\WiFi\bin\;C:\Program Files\Common Files\Intel\WirelessCommon\;C:\Program Files (x86)\Intel\Intel(R) Management Engine Components\DAL;C:\Program Files\Intel\Intel(R) Management Engine Components\DAL;C:\Program Files (x86)\Intel\Intel(R) Management Engine Components\IPT;C:\Program Files\Intel\Intel(R) Management Engine Components\IPT;C:\Program Files\TortoiseSVN\bin;C:\Program Files\nodejs\;C:\Program Files\Git\cmd;C:\Program Files (x86)\Skype\Phone\;C:\Gradle\gradle-4.3\bin;C:\Program Files\TortoiseGit\bin;C:\Program Files (x86)\Yarn\bin\;C:\Users\EXG503\AppData\Roaming\npm;C:\Users\EXG503\AppData\Local\GitHubDesktop\bin;C:\Users\EXG503\AppData\Local\Yarn\bin;., surefire.test.class.path=C:\Users\EXG503\Documents\GitHub\microservices_with_spring\social-mathematics\target\test-classes;C:\Users\EXG503\Documents\GitHub\microservices_with_spring\social-mathematics\target\classes;C:\Users\EXG503\.m2\repository\org\springframework\boot\spring-boot-starter-web\1.5.7.RELEASE\spring-boot-starter-web-1.5.7.RELEASE.jar;C:\Users\EXG503\.m2\repository\org\springframework\boot\spring-boot-starter\1.5.7.RELEASE\spring-boot-starter-1.5.7.RELEASE.jar;C:\Users\EXG503\.m2\repository\org\springframework\boot\spring-boot\1.5.7.RELEASE\spring-boot-1.5.7.RELEASE.jar;C:\Users\EXG503\.m2\repository\org\springframework\boot\spring-boot-autoconfigure\1.5.7.RELEASE\spring-boot-autoconfigure-1.5.7.RELEASE.jar;C:\Users\EXG503\.m2\repository\org\springframework\boot\spring-boot-starter-logging\1.5.7.RELEASE\spring-boot-starter-logging-1.5.7.RELEASE.jar;C:\Users\EXG503\.m2\repository\ch\qos\logback\logback-classic\1.1.11\logback-classic-1.1.11.jar;C:\Users\EXG503\.m2\repository\ch\qos\logback\logback-core\1.1.11\logback-core-1.1.11.jar;C:\Users\EXG503\.m2\repository\org\slf4j\jcl-over-slf4j\1.7.25\jcl-over-slf4j-1.7.25.jar;C:\Users\EXG503\.m2\repository\org\slf4j\jul-to-slf4j\1.7.25\jul-to-slf4j-1.7.25.jar;C:\Users\EXG503\.m2\repository\org\slf4j\log4j-over-slf4j\1.7.25\log4j-over-slf4j-1.7.25.jar;C:\Users\EXG503\.m2\repository\org\yaml\snakeyaml\1.17\snakeyaml-1.17.jar;C:\Users\EXG503\.m2\repository\org\springframework\boot\spring-boot-starter-tomcat\1.5.7.RELEASE\spring-boot-starter-tomcat-1.5.7.RELEASE.jar;C:\Users\EXG503\.m2\repository\org\apache\tomcat\embed\tomcat-embed-core\8.5.20\tomcat-embed-core-8.5.20.jar;C:\Users\EXG503\.m2\repository\org\apache\tomcat\embed\tomcat-embed-el\8.5.20\tomcat-embed-el-8.5.20.jar;C:\Users\EXG503\.m2\repository\org\apache\tomcat\embed\tomcat-embed-websocket\8.5.20\tomcat-embed-websocket-8.5.20.jar;C:\Users\EXG503\.m2\repository\org\hibernate\hibernate-validator\5.3.5.Final\hibernate-validator-5.3.5.Final.jar;C:\Users\EXG503\.m2\repository\javax\validation\validation-api\1.1.0.Final\validation-api-1.1.0.Final.jar;C:\Users\EXG503\.m2\repository\org\jboss\logging\jboss-logging\3.3.1.Final\jboss-logging-3.3.1.Final.jar;C:\Users\EXG503\.m2\repository\com\fasterxml\classmate\1.3.4\classmate-1.3.4.jar;C:\Users\EXG503\.m2\repository\com\fasterxml\jackson\core\jackson-databind\2.8.10\jackson-databind-2.8.10.jar;C:\Users\EXG503\.m2\repository\com\fasterxml\jackson\core\jackson-annotations\2.8.0\jackson-annotations-2.8.0.jar;C:\Users\EXG503\.m2\repository\com\fasterxml\jackson\core\jackson-core\2.8.10\jackson-core-2.8.10.jar;C:\Users\EXG503\.m2\repository\org\springframework\spring-web\4.3.11.RELEASE\spring-web-4.3.11.RELEASE.jar;C:\Users\EXG503\.m2\repository\org\springframework\spring-aop\4.3.11.RELEASE\spring-aop-4.3.11.RELEASE.jar;C:\Users\EXG503\.m2\repository\org\springframework\spring-beans\4.3.11.RELEASE\spring-beans-4.3.11.RELEASE.jar;C:\Users\EXG503\.m2\repository\org\springframework\spring-context\4.3.11.RELEASE\spring-context-4.3.11.RELEASE.jar;C:\Users\EXG503\.m2\repository\org\springframework\spring-webmvc\4.3.11.RELEASE\spring-webmvc-4.3.11.RELEASE.jar;C:\Users\EXG503\.m2\repository\org\springframework\spring-expression\4.3.11.RELEASE\spring-expression-4.3.11.RELEASE.jar;C:\Users\EXG503\.m2\repository\org\projectlombok\lombok\1.16.18\lombok-1.16.18.jar;C:\Users\EXG503\.m2\repository\org\springframework\boot\spring-boot-starter-test\1.5.7.RELEASE\spring-boot-starter-test-1.5.7.RELEASE.jar;C:\Users\EXG503\.m2\repository\org\springframework\boot\spring-boot-test\1.5.7.RELEASE\spring-boot-test-1.5.7.RELEASE.jar;C:\Users\EXG503\.m2\repository\org\springframework\boot\spring-boot-test-autoconfigure\1.5.7.RELEASE\spring-boot-test-autoconfigure-1.5.7.RELEASE.jar;C:\Users\EXG503\.m2\repository\com\jayway\jsonpath\json-path\2.2.0\json-path-2.2.0.jar;C:\Users\EXG503\.m2\repository\net\minidev\json-smart\2.2.1\json-smart-2.2.1.jar;C:\Users\EXG503\.m2\repository\net\minidev\accessors-smart\1.1\accessors-smart-1.1.jar;C:\Users\EXG503\.m2\repository\org\ow2\asm\asm\5.0.3\asm-5.0.3.jar;C:\Users\EXG503\.m2\repository\org\slf4j\slf4j-api\1.7.25\slf4j-api-1.7.25.jar;C:\Users\EXG503\.m2\repository\junit\junit\4.12\junit-4.12.jar;C:\Users\EXG503\.m2\repository\org\assertj\assertj-core\2.6.0\assertj-core-2.6.0.jar;C:\Users\EXG503\.m2\repository\org\mockito\mockito-core\1.10.19\mockito-core-1.10.19.jar;C:\Users\EXG503\.m2\repository\org\objenesis\objenesis\2.1\objenesis-2.1.jar;C:\Users\EXG503\.m2\repository\org\hamcrest\hamcrest-core\1.3\hamcrest-core-1.3.jar;C:\Users\EXG503\.m2\repository\org\hamcrest\hamcrest-library\1.3\hamcrest-library-1.3.jar;C:\Users\EXG503\.m2\repository\org\skyscreamer\jsonassert\1.4.0\jsonassert-1.4.0.jar;C:\Users\EXG503\.m2\repository\com\vaadin\external\google\android-json\0.0.20131108.vaadin1\android-json-0.0.20131108.vaadin1.jar;C:\Users\EXG503\.m2\repository\org\springframework\spring-core\4.3.11.RELEASE\spring-core-4.3.11.RELEASE.jar;C:\Users\EXG503\.m2\repository\org\springframework\spring-test\4.3.11.RELEASE\spring-test-4.3.11.RELEASE.jar;, java.specification.name=Java Platform API Specification, java.class.version=52.0, sun.management.compiler=HotSpot 64-Bit Tiered Compilers, os.version=6.1, user.home=C:\Users\EXG503, user.timezone=Europe/Paris, java.awt.printerjob=sun.awt.windows.WPrinterJob, file.encoding=UTF-8, java.specification.version=1.8, java.class.path=C:\Users\EXG503\Documents\GitHub\microservices_with_spring\social-mathematics\target\test-classes;C:\Users\EXG503\Documents\GitHub\microservices_with_spring\social-mathematics\target\classes;C:\Users\EXG503\.m2\repository\org\springframework\boot\spring-boot-starter-web\1.5.7.RELEASE\spring-boot-starter-web-1.5.7.RELEASE.jar;C:\Users\EXG503\.m2\repository\org\springframework\boot\spring-boot-starter\1.5.7.RELEASE\spring-boot-starter-1.5.7.RELEASE.jar;C:\Users\EXG503\.m2\repository\org\springframework\boot\spring-boot\1.5.7.RELEASE\spring-boot-1.5.7.RELEASE.jar;C:\Users\EXG503\.m2\repository\org\springframework\boot\spring-boot-autoconfigure\1.5.7.RELEASE\spring-boot-autoconfigure-1.5.7.RELEASE.jar;C:\Users\EXG503\.m2\repository\org\springframework\boot\spring-boot-starter-logging\1.5.7.RELEASE\spring-boot-starter-logging-1.5.7.RELEASE.jar;C:\Users\EXG503\.m2\repository\ch\qos\logback\logback-classic\1.1.11\logback-classic-1.1.11.jar;C:\Users\EXG503\.m2\repository\ch\qos\logback\logback-core\1.1.11\logback-core-1.1.11.jar;C:\Users\EXG503\.m2\repository\org\slf4j\jcl-over-slf4j\1.7.25\jcl-over-slf4j-1.7.25.jar;C:\Users\EXG503\.m2\repository\org\slf4j\jul-to-slf4j\1.7.25\jul-to-slf4j-1.7.25.jar;C:\Users\EXG503\.m2\repository\org\slf4j\log4j-over-slf4j\1.7.25\log4j-over-slf4j-1.7.25.jar;C:\Users\EXG503\.m2\repository\org\yaml\snakeyaml\1.17\snakeyaml-1.17.jar;C:\Users\EXG503\.m2\repository\org\springframework\boot\spring-boot-starter-tomcat\1.5.7.RELEASE\spring-boot-starter-tomcat-1.5.7.RELEASE.jar;C:\Users\EXG503\.m2\repository\org\apache\tomcat\embed\tomcat-embed-core\8.5.20\tomcat-embed-core-8.5.20.jar;C:\Users\EXG503\.m2\repository\org\apache\tomcat\embed\tomcat-embed-el\8.5.20\tomcat-embed-el-8.5.20.jar;C:\Users\EXG503\.m2\repository\org\apache\tomcat\embed\tomcat-embed-websocket\8.5.20\tomcat-embed-websocket-8.5.20.jar;C:\Users\EXG503\.m2\repository\org\hibernate\hibernate-validator\5.3.5.Final\hibernate-validator-5.3.5.Final.jar;C:\Users\EXG503\.m2\repository\javax\validation\validation-api\1.1.0.Final\validation-api-1.1.0.Final.jar;C:\Users\EXG503\.m2\repository\org\jboss\logging\jboss-logging\3.3.1.Final\jboss-logging-3.3.1.Final.jar;C:\Users\EXG503\.m2\repository\com\fasterxml\classmate\1.3.4\classmate-1.3.4.jar;C:\Users\EXG503\.m2\repository\com\fasterxml\jackson\core\jackson-databind\2.8.10\jackson-databind-2.8.10.jar;C:\Users\EXG503\.m2\repository\com\fasterxml\jackson\core\jackson-annotations\2.8.0\jackson-annotations-2.8.0.jar;C:\Users\EXG503\.m2\repository\com\fasterxml\jackson\core\jackson-core\2.8.10\jackson-core-2.8.10.jar;C:\Users\EXG503\.m2\repository\org\springframework\spring-web\4.3.11.RELEASE\spring-web-4.3.11.RELEASE.jar;C:\Users\EXG503\.m2\repository\org\springframework\spring-aop\4.3.11.RELEASE\spring-aop-4.3.11.RELEASE.jar;C:\Users\EXG503\.m2\repository\org\springframework\spring-beans\4.3.11.RELEASE\spring-beans-4.3.11.RELEASE.jar;C:\Users\EXG503\.m2\repository\org\springframework\spring-context\4.3.11.RELEASE\spring-context-4.3.11.RELEASE.jar;C:\Users\EXG503\.m2\repository\org\springframework\spring-webmvc\4.3.11.RELEASE\spring-webmvc-4.3.11.RELEASE.jar;C:\Users\EXG503\.m2\repository\org\springframework\spring-expression\4.3.11.RELEASE\spring-expression-4.3.11.RELEASE.jar;C:\Users\EXG503\.m2\repository\org\projectlombok\lombok\1.16.18\lombok-1.16.18.jar;C:\Users\EXG503\.m2\repository\org\springframework\boot\spring-boot-starter-test\1.5.7.RELEASE\spring-boot-starter-test-1.5.7.RELEASE.jar;C:\Users\EXG503\.m2\repository\org\springframework\boot\spring-boot-test\1.5.7.RELEASE\spring-boot-test-1.5.7.RELEASE.jar;C:\Users\EXG503\.m2\repository\org\springframework\boot\spring-boot-test-autoconfigure\1.5.7.RELEASE\spring-boot-test-autoconfigure-1.5.7.RELEASE.jar;C:\Users\EXG503\.m2\repository\com\jayway\jsonpath\json-path\2.2.0\json-path-2.2.0.jar;C:\Users\EXG503\.m2\repository\net\minidev\json-smart\2.2.1\json-smart-2.2.1.jar;C:\Users\EXG503\.m2\repository\net\minidev\accessors-smart\1.1\accessors-smart-1.1.jar;C:\Users\EXG503\.m2\repository\org\ow2\asm\asm\5.0.3\asm-5.0.3.jar;C:\Users\EXG503\.m2\repository\org\slf4j\slf4j-api\1.7.25\slf4j-api-1.7.25.jar;C:\Users\EXG503\.m2\repository\junit\junit\4.12\junit-4.12.jar;C:\Users\EXG503\.m2\repository\org\assertj\assertj-core\2.6.0\assertj-core-2.6.0.jar;C:\Users\EXG503\.m2\repository\org\mockito\mockito-core\1.10.19\mockito-core-1.10.19.jar;C:\Users\EXG503\.m2\repository\org\objenesis\objenesis\2.1\objenesis-2.1.jar;C:\Users\EXG503\.m2\repository\org\hamcrest\hamcrest-core\1.3\hamcrest-core-1.3.jar;C:\Users\EXG503\.m2\repository\org\hamcrest\hamcrest-library\1.3\hamcrest-library-1.3.jar;C:\Users\EXG503\.m2\repository\org\skyscreamer\jsonassert\1.4.0\jsonassert-1.4.0.jar;C:\Users\EXG503\.m2\repository\com\vaadin\external\google\android-json\0.0.20131108.vaadin1\android-json-0.0.20131108.vaadin1.jar;C:\Users\EXG503\.m2\repository\org\springframework\spring-core\4.3.11.RELEASE\spring-core-4.3.11.RELEASE.jar;C:\Users\EXG503\.m2\repository\org\springframework\spring-test\4.3.11.RELEASE\spring-test-4.3.11.RELEASE.jar;, user.name=EXG503, java.vm.specification.version=1.8, sun.java.command=C:\Users\EXG503\Documents\GitHub\microservices_with_spring\social-mathematics\target\surefire\surefirebooter270145510151983918.jar C:\Users\EXG503\Documents\GitHub\microservices_with_spring\social-mathematics\target\surefire\surefire8197837675138779935tmp C:\Users\EXG503\Documents\GitHub\microservices_with_spring\social-mathematics\target\surefire\surefire_04482318451458939318tmp, java.home=C:\Program Files\Java\jdk1.8.0_121\jre, sun.arch.data.model=64, user.language=en, java.specification.vendor=Oracle Corporation, awt.toolkit=sun.awt.windows.WToolkit, java.vm.info=mixed mode, java.version=1.8.0_121, java.ext.dirs=C:\Program Files\Java\jdk1.8.0_121\jre\lib\ext;C:\WINDOWS\Sun\Java\lib\ext, sun.boot.class.path=C:\Program Files\Java\jdk1.8.0_121\jre\lib\resources.jar;C:\Program Files\Java\jdk1.8.0_121\jre\lib\rt.jar;C:\Program Files\Java\jdk1.8.0_121\jre\lib\sunrsasign.jar;C:\Program Files\Java\jdk1.8.0_121\jre\lib\jsse.jar;C:\Program Files\Java\jdk1.8.0_121\jre\lib\jce.jar;C:\Program Files\Java\jdk1.8.0_121\jre\lib\charsets.jar;C:\Program Files\Java\jdk1.8.0_121\jre\lib\jfr.jar;C:\Program Files\Java\jdk1.8.0_121\jre\classes, java.vendor=Oracle Corporation, localRepository=C:\Users\EXG503\.m2\repository, file.separator=\, java.vendor.url.bug=http://bugreport.sun.com/bugreport/, sun.io.unicode.encoding=UnicodeLittle, sun.cpu.endian=little, sun.desktop=windows, sun.cpu.isalist=amd64}}, SystemEnvironmentPropertySource@398690014 {name='systemEnvironment', properties={PATH=C:\ProgramData\Oracle\Java\javapath;C:\Program Files (x86)\Intel\iCLS Client\;C:\Program Files\Intel\iCLS Client\;C:\Oracle\product\11.2\client\bin;C:\WINDOWS\system32;C:\WINDOWS;C:\WINDOWS\System32\Wbem;C:\WINDOWS\System32\WindowsPowerShell\v1.0\;C:\WINDOWS\System32\WindowsPowerShell\v1.0\;C:\WINDOWS\System32\WindowsPowerShell\v1.0\;C:\Program Files\Intel\WiFi\bin\;C:\Program Files\Common Files\Intel\WirelessCommon\;C:\Program Files (x86)\Intel\Intel(R) Management Engine Components\DAL;C:\Program Files\Intel\Intel(R) Management Engine Components\DAL;C:\Program Files (x86)\Intel\Intel(R) Management Engine Components\IPT;C:\Program Files\Intel\Intel(R) Management Engine Components\IPT;C:\Program Files\TortoiseSVN\bin;C:\Program Files\nodejs\;C:\Program Files\Git\cmd;C:\Program Files (x86)\Skype\Phone\;C:\Gradle\gradle-4.3\bin;C:\Program Files\TortoiseGit\bin;C:\Program Files (x86)\Yarn\bin\;C:\Users\EXG503\AppData\Roaming\npm;C:\Users\EXG503\AppData\Local\GitHubDesktop\bin;C:\Users\EXG503\AppData\Local\Yarn\bin, USERDOMAIN_ROAMINGPROFILE=MSNET, PROCESSOR_LEVEL=6, SYSTEMDRIVE=C:, PSDISTRICT_INSTALLATIONMETHOD=PXE, FP_NO_HOST_CHECK=NO, PSDISTRICT_DEPLOYMENTID=WKS202BB, SESSIONNAME=Console, ALLUSERSPROFILE=C:\ProgramData, PSDISTRICT_OSDCOMPUTERNAME=PO160003345, PROCESSOR_ARCHITECTURE=AMD64, PSDISTRICT_BOOTIMAGEVERSION=WKS00B8E, NB_EXEC_MAVEN_PROCESS_UUID=0d1df043-f615-44ad-a7f4-da736d4ee960, PROGRAMFILES=C:\Program Files, PSMODULEPATH=C:\Program Files\WindowsPowerShell\Modules;C:\WINDOWS\system32\WindowsPowerShell\v1.0\Modules, PROGRAMDATA=C:\ProgramData, PSDISTRICT_INSTALLDATETIME=27/03/2017 13:43:16, PSDISTRICT_TSVERSION=1610, USERNAME=EXG503, USERDNSDOMAIN=MSNET.RAILB.BE, PLMVIS_82_LIBPATH=C:\Program Files (x86)\SAP\FrontEnd\SAPgui\Program, PSDISTRICT_OU=LDAP://OU=Computers,OU=I-Build,OU=40 Infrabel,OU=Unit placeholder,DC=msnet,DC=railb,DC=be, PATHEXT=.COM;.EXE;.BAT;.CMD;.VBS;.VBE;.JS;.JSE;.WSF;.WSH;.MSC, PSDISTRICT_TASKSEQUENCEINSTALLATIONID=WKS00CA0, TCVIS_ENABLE_AERO=True, CLASSWORLDS_JAR="C:\Program Files\NetBeans 8.2\java\maven\boot\plexus-classworlds-2.4.jar", UOIPME_REG_PATH=C:\Program Files\Intel Corporation\USB over IP, WINDIR=C:\WINDOWS, PSDISTRICT_SITECODE=WKS, HOMEPATH=\Users\EXG503, PROCESSOR_IDENTIFIER=Intel64 Family 6 Model 78 Stepping 3, GenuineIntel, WINDOWS_TRACING_LOGFILE=C:\BVTBin\Tests\installpackage\csilogfile.log, M2_HOME=C:\Program Files\NetBeans 8.2\java\maven, MAVEN_JAVA_EXE="C:\Program Files\Java\jdk1.8.0_121\bin\java.exe", PUBLIC=C:\Users\Public, LOCALAPPDATA=C:\Users\EXG503\AppData\Local, COMMONPROGRAMFILES(X86)=C:\Program Files (x86)\Common Files, USERDOMAIN=MSNET, LOGONSERVER=\\IICTBIDCWV002, JAVA_HOME=C:\Program Files\Java\jdk1.8.0_121, PROMPT=$P$G, PROGRAMFILES(X86)=C:\Program Files (x86), ERROR_CODE=0, PSDISTRICT_SMSTSLAUNCHMODE=PXE, WINDOWS_TRACING_FLAGS=3, =C:=C:\Users\EXG503\Documents\GitHub\microservices_with_spring\social-mathematics, APPDATA=C:\Users\EXG503\AppData\Roaming, PROGRAMW6432=C:\Program Files, SYSTEMROOT=C:\WINDOWS, MAVEN_CMD_LINE_ARGS=-Dtest=com.itdeep.micorservices.socialmathematics.multiplication.controller.MultiplicationControllerTest -Dmaven.ext.class.path="C:\Program Files\NetBeans 8.2\java\maven-nblib\netbeans-eventspy.jar" -Dfile.encoding=UTF-8 surefire:test, NETBEANSPROJECTMAPPINGS=, OS=Windows_NT, COMMONPROGRAMW6432=C:\Program Files\Common Files, COMPUTERNAME=PO160003345, COMMONPROGRAMFILES=C:\Program Files\Common Files, COMSPEC=C:\WINDOWS\system32\cmd.exe, PROCESSOR_REVISION=4e03, UATDATA=C:\WINDOWS\CCM\UATData\D9F8C395-CAB8-491d-B8AC-179A1FE1BE77, CLASSWORLDS_LAUNCHER=org.codehaus.plexus.classworlds.launcher.Launcher, PSDISTRICT_TASKSEQUENCEINSTALLATIONNAME=K1610 Win7 / Win7 ITM With IE11, TEMP=C:\Users\EXG503\AppData\Local\Temp, HOMEDRIVE=C:, SNC_LIB=C:\Program Files (x86)\SAP\FrontEnd\SapGui\Encryption\secgss.dll, USERPROFILE=C:\Users\EXG503, TMP=C:\Users\EXG503\AppData\Local\Temp, NUMBER_OF_PROCESSORS=4, PSDISTRICT_SMSTSMACHINENAME=MININT-B4JC340, HOME=C:\Users\EXG503}}]
00:31:41.170 [main] DEBUG org.springframework.core.io.support.PathMatchingResourcePatternResolver - Resolved classpath location [com/itdeep/micorservices/socialmathematics/multiplication/controller/] to resources [URL [file:/C:/Users/EXG503/Documents/GitHub/microservices_with_spring/social-mathematics/target/test-classes/com/itdeep/micorservices/socialmathematics/multiplication/controller/], URL [file:/C:/Users/EXG503/Documents/GitHub/microservices_with_spring/social-mathematics/target/classes/com/itdeep/micorservices/socialmathematics/multiplication/controller/]]
00:31:41.170 [main] DEBUG org.springframework.core.io.support.PathMatchingResourcePatternResolver - Looking for matching resources in directory tree [C:\Users\EXG503\Documents\GitHub\microservices_with_spring\social-mathematics\target\test-classes\com\itdeep\micorservices\socialmathematics\multiplication\controller]
00:31:41.170 [main] DEBUG org.springframework.core.io.support.PathMatchingResourcePatternResolver - Searching directory [C:\Users\EXG503\Documents\GitHub\microservices_with_spring\social-mathematics\target\test-classes\com\itdeep\micorservices\socialmathematics\multiplication\controller] for files matching pattern [C:/Users/EXG503/Documents/GitHub/microservices_with_spring/social-mathematics/target/test-classes/com/itdeep/micorservices/socialmathematics/multiplication/controller/*.class]
00:31:41.170 [main] DEBUG org.springframework.core.io.support.PathMatchingResourcePatternResolver - Looking for matching resources in directory tree [C:\Users\EXG503\Documents\GitHub\microservices_with_spring\social-mathematics\target\classes\com\itdeep\micorservices\socialmathematics\multiplication\controller]
00:31:41.170 [main] DEBUG org.springframework.core.io.support.PathMatchingResourcePatternResolver - Searching directory [C:\Users\EXG503\Documents\GitHub\microservices_with_spring\social-mathematics\target\classes\com\itdeep\micorservices\socialmathematics\multiplication\controller] for files matching pattern [C:/Users/EXG503/Documents/GitHub/microservices_with_spring/social-mathematics/target/classes/com/itdeep/micorservices/socialmathematics/multiplication/controller/*.class]
00:31:41.180 [main] DEBUG org.springframework.core.io.support.PathMatchingResourcePatternResolver - Resolved location pattern [classpath*:com/itdeep/micorservices/socialmathematics/multiplication/controller/*.class] to resources [file [C:\Users\EXG503\Documents\GitHub\microservices_with_spring\social-mathematics\target\test-classes\com\itdeep\micorservices\socialmathematics\multiplication\controller\MultiplicationControllerTest.class], file [C:\Users\EXG503\Documents\GitHub\microservices_with_spring\social-mathematics\target\classes\com\itdeep\micorservices\socialmathematics\multiplication\controller\MultiplicationController.class]]
00:31:41.180 [main] DEBUG org.springframework.core.io.support.PathMatchingResourcePatternResolver - Resolved classpath location [com/itdeep/micorservices/socialmathematics/multiplication/] to resources [URL [file:/C:/Users/EXG503/Documents/GitHub/microservices_with_spring/social-mathematics/target/test-classes/com/itdeep/micorservices/socialmathematics/multiplication/], URL [file:/C:/Users/EXG503/Documents/GitHub/microservices_with_spring/social-mathematics/target/classes/com/itdeep/micorservices/socialmathematics/multiplication/]]
00:31:41.190 [main] DEBUG org.springframework.core.io.support.PathMatchingResourcePatternResolver - Looking for matching resources in directory tree [C:\Users\EXG503\Documents\GitHub\microservices_with_spring\social-mathematics\target\test-classes\com\itdeep\micorservices\socialmathematics\multiplication]
00:31:41.190 [main] DEBUG org.springframework.core.io.support.PathMatchingResourcePatternResolver - Searching directory [C:\Users\EXG503\Documents\GitHub\microservices_with_spring\social-mathematics\target\test-classes\com\itdeep\micorservices\socialmathematics\multiplication] for files matching pattern [C:/Users/EXG503/Documents/GitHub/microservices_with_spring/social-mathematics/target/test-classes/com/itdeep/micorservices/socialmathematics/multiplication/*.class]
00:31:41.190 [main] DEBUG org.springframework.core.io.support.PathMatchingResourcePatternResolver - Looking for matching resources in directory tree [C:\Users\EXG503\Documents\GitHub\microservices_with_spring\social-mathematics\target\classes\com\itdeep\micorservices\socialmathematics\multiplication]
00:31:41.190 [main] DEBUG org.springframework.core.io.support.PathMatchingResourcePatternResolver - Searching directory [C:\Users\EXG503\Documents\GitHub\microservices_with_spring\social-mathematics\target\classes\com\itdeep\micorservices\socialmathematics\multiplication] for files matching pattern [C:/Users/EXG503/Documents/GitHub/microservices_with_spring/social-mathematics/target/classes/com/itdeep/micorservices/socialmathematics/multiplication/*.class]
00:31:41.190 [main] DEBUG org.springframework.core.io.support.PathMatchingResourcePatternResolver - Resolved location pattern [classpath*:com/itdeep/micorservices/socialmathematics/multiplication/*.class] to resources []
00:31:41.190 [main] DEBUG org.springframework.core.io.support.PathMatchingResourcePatternResolver - Resolved classpath location [com/itdeep/micorservices/socialmathematics/] to resources [URL [file:/C:/Users/EXG503/Documents/GitHub/microservices_with_spring/social-mathematics/target/test-classes/com/itdeep/micorservices/socialmathematics/], URL [file:/C:/Users/EXG503/Documents/GitHub/microservices_with_spring/social-mathematics/target/classes/com/itdeep/micorservices/socialmathematics/]]
00:31:41.190 [main] DEBUG org.springframework.core.io.support.PathMatchingResourcePatternResolver - Looking for matching resources in directory tree [C:\Users\EXG503\Documents\GitHub\microservices_with_spring\social-mathematics\target\test-classes\com\itdeep\micorservices\socialmathematics]
00:31:41.190 [main] DEBUG org.springframework.core.io.support.PathMatchingResourcePatternResolver - Searching directory [C:\Users\EXG503\Documents\GitHub\microservices_with_spring\social-mathematics\target\test-classes\com\itdeep\micorservices\socialmathematics] for files matching pattern [C:/Users/EXG503/Documents/GitHub/microservices_with_spring/social-mathematics/target/test-classes/com/itdeep/micorservices/socialmathematics/*.class]
00:31:41.190 [main] DEBUG org.springframework.core.io.support.PathMatchingResourcePatternResolver - Looking for matching resources in directory tree [C:\Users\EXG503\Documents\GitHub\microservices_with_spring\social-mathematics\target\classes\com\itdeep\micorservices\socialmathematics]
00:31:41.190 [main] DEBUG org.springframework.core.io.support.PathMatchingResourcePatternResolver - Searching directory [C:\Users\EXG503\Documents\GitHub\microservices_with_spring\social-mathematics\target\classes\com\itdeep\micorservices\socialmathematics] for files matching pattern [C:/Users/EXG503/Documents/GitHub/microservices_with_spring/social-mathematics/target/classes/com/itdeep/micorservices/socialmathematics/*.class]
00:31:41.190 [main] DEBUG org.springframework.core.io.support.PathMatchingResourcePatternResolver - Resolved location pattern [classpath*:com/itdeep/micorservices/socialmathematics/*.class] to resources []
00:31:41.190 [main] DEBUG org.springframework.core.io.support.PathMatchingResourcePatternResolver - Resolved classpath location [com/itdeep/micorservices/] to resources [URL [file:/C:/Users/EXG503/Documents/GitHub/microservices_with_spring/social-mathematics/target/test-classes/com/itdeep/micorservices/], URL [file:/C:/Users/EXG503/Documents/GitHub/microservices_with_spring/social-mathematics/target/classes/com/itdeep/micorservices/]]
00:31:41.190 [main] DEBUG org.springframework.core.io.support.PathMatchingResourcePatternResolver - Looking for matching resources in directory tree [C:\Users\EXG503\Documents\GitHub\microservices_with_spring\social-mathematics\target\test-classes\com\itdeep\micorservices]
00:31:41.190 [main] DEBUG org.springframework.core.io.support.PathMatchingResourcePatternResolver - Searching directory [C:\Users\EXG503\Documents\GitHub\microservices_with_spring\social-mathematics\target\test-classes\com\itdeep\micorservices] for files matching pattern [C:/Users/EXG503/Documents/GitHub/microservices_with_spring/social-mathematics/target/test-classes/com/itdeep/micorservices/*.class]
00:31:41.190 [main] DEBUG org.springframework.core.io.support.PathMatchingResourcePatternResolver - Looking for matching resources in directory tree [C:\Users\EXG503\Documents\GitHub\microservices_with_spring\social-mathematics\target\classes\com\itdeep\micorservices]
00:31:41.190 [main] DEBUG org.springframework.core.io.support.PathMatchingResourcePatternResolver - Searching directory [C:\Users\EXG503\Documents\GitHub\microservices_with_spring\social-mathematics\target\classes\com\itdeep\micorservices] for files matching pattern [C:/Users/EXG503/Documents/GitHub/microservices_with_spring/social-mathematics/target/classes/com/itdeep/micorservices/*.class]
00:31:41.190 [main] DEBUG org.springframework.core.io.support.PathMatchingResourcePatternResolver - Resolved location pattern [classpath*:com/itdeep/micorservices/*.class] to resources []
00:31:41.190 [main] DEBUG org.springframework.core.io.support.PathMatchingResourcePatternResolver - Resolved classpath location [com/itdeep/] to resources [URL [file:/C:/Users/EXG503/Documents/GitHub/microservices_with_spring/social-mathematics/target/test-classes/com/itdeep/], URL [file:/C:/Users/EXG503/Documents/GitHub/microservices_with_spring/social-mathematics/target/classes/com/itdeep/]]
00:31:41.190 [main] DEBUG org.springframework.core.io.support.PathMatchingResourcePatternResolver - Looking for matching resources in directory tree [C:\Users\EXG503\Documents\GitHub\microservices_with_spring\social-mathematics\target\test-classes\com\itdeep]
00:31:41.190 [main] DEBUG org.springframework.core.io.support.PathMatchingResourcePatternResolver - Searching directory [C:\Users\EXG503\Documents\GitHub\microservices_with_spring\social-mathematics\target\test-classes\com\itdeep] for files matching pattern [C:/Users/EXG503/Documents/GitHub/microservices_with_spring/social-mathematics/target/test-classes/com/itdeep/*.class]
00:31:41.190 [main] DEBUG org.springframework.core.io.support.PathMatchingResourcePatternResolver - Looking for matching resources in directory tree [C:\Users\EXG503\Documents\GitHub\microservices_with_spring\social-mathematics\target\classes\com\itdeep]
00:31:41.190 [main] DEBUG org.springframework.core.io.support.PathMatchingResourcePatternResolver - Searching directory [C:\Users\EXG503\Documents\GitHub\microservices_with_spring\social-mathematics\target\classes\com\itdeep] for files matching pattern [C:/Users/EXG503/Documents/GitHub/microservices_with_spring/social-mathematics/target/classes/com/itdeep/*.class]
00:31:41.200 [main] DEBUG org.springframework.core.io.support.PathMatchingResourcePatternResolver - Resolved location pattern [classpath*:com/itdeep/*.class] to resources []
00:31:41.200 [main] DEBUG org.springframework.core.io.support.PathMatchingResourcePatternResolver - Resolved classpath location [com/] to resources [URL [file:/C:/Users/EXG503/Documents/GitHub/microservices_with_spring/social-mathematics/target/test-classes/com/], URL [file:/C:/Users/EXG503/Documents/GitHub/microservices_with_spring/social-mathematics/target/classes/com/], URL [jar:file:/C:/Users/EXG503/.m2/repository/com/fasterxml/classmate/1.3.4/classmate-1.3.4.jar!/com/], URL [jar:file:/C:/Users/EXG503/.m2/repository/com/fasterxml/jackson/core/jackson-databind/2.8.10/jackson-databind-2.8.10.jar!/com/], URL [jar:file:/C:/Users/EXG503/.m2/repository/com/fasterxml/jackson/core/jackson-annotations/2.8.0/jackson-annotations-2.8.0.jar!/com/], URL [jar:file:/C:/Users/EXG503/.m2/repository/com/fasterxml/jackson/core/jackson-core/2.8.10/jackson-core-2.8.10.jar!/com/], URL [jar:file:/C:/Users/EXG503/.m2/repository/org/projectlombok/lombok/1.16.18/lombok-1.16.18.jar!/com/], URL [jar:file:/C:/Users/EXG503/.m2/repository/com/jayway/jsonpath/json-path/2.2.0/json-path-2.2.0.jar!/com/]]
00:31:41.200 [main] DEBUG org.springframework.core.io.support.PathMatchingResourcePatternResolver - Looking for matching resources in directory tree [C:\Users\EXG503\Documents\GitHub\microservices_with_spring\social-mathematics\target\test-classes\com]
00:31:41.200 [main] DEBUG org.springframework.core.io.support.PathMatchingResourcePatternResolver - Searching directory [C:\Users\EXG503\Documents\GitHub\microservices_with_spring\social-mathematics\target\test-classes\com] for files matching pattern [C:/Users/EXG503/Documents/GitHub/microservices_with_spring/social-mathematics/target/test-classes/com/*.class]
00:31:41.200 [main] DEBUG org.springframework.core.io.support.PathMatchingResourcePatternResolver - Looking for matching resources in directory tree [C:\Users\EXG503\Documents\GitHub\microservices_with_spring\social-mathematics\target\classes\com]
00:31:41.200 [main] DEBUG org.springframework.core.io.support.PathMatchingResourcePatternResolver - Searching directory [C:\Users\EXG503\Documents\GitHub\microservices_with_spring\social-mathematics\target\classes\com] for files matching pattern [C:/Users/EXG503/Documents/GitHub/microservices_with_spring/social-mathematics/target/classes/com/*.class]
00:31:41.200 [main] DEBUG org.springframework.core.io.support.PathMatchingResourcePatternResolver - Looking for matching resources in jar file [file:/C:/Users/EXG503/.m2/repository/com/fasterxml/classmate/1.3.4/classmate-1.3.4.jar]
00:31:41.200 [main] DEBUG org.springframework.core.io.support.PathMatchingResourcePatternResolver - Looking for matching resources in jar file [file:/C:/Users/EXG503/.m2/repository/com/fasterxml/jackson/core/jackson-databind/2.8.10/jackson-databind-2.8.10.jar]
00:31:41.200 [main] DEBUG org.springframework.core.io.support.PathMatchingResourcePatternResolver - Looking for matching resources in jar file [file:/C:/Users/EXG503/.m2/repository/com/fasterxml/jackson/core/jackson-annotations/2.8.0/jackson-annotations-2.8.0.jar]
00:31:41.200 [main] DEBUG org.springframework.core.io.support.PathMatchingResourcePatternResolver - Looking for matching resources in jar file [file:/C:/Users/EXG503/.m2/repository/com/fasterxml/jackson/core/jackson-core/2.8.10/jackson-core-2.8.10.jar]
00:31:41.200 [main] DEBUG org.springframework.core.io.support.PathMatchingResourcePatternResolver - Looking for matching resources in jar file [file:/C:/Users/EXG503/.m2/repository/org/projectlombok/lombok/1.16.18/lombok-1.16.18.jar]
00:31:41.210 [main] DEBUG org.springframework.core.io.support.PathMatchingResourcePatternResolver - Looking for matching resources in jar file [file:/C:/Users/EXG503/.m2/repository/com/jayway/jsonpath/json-path/2.2.0/json-path-2.2.0.jar]
00:31:41.210 [main] DEBUG org.springframework.core.io.support.PathMatchingResourcePatternResolver - Resolved location pattern [classpath*:com/*.class] to resources []
]]></system-out>
  </testcase>
</testsuite>